Determining if the pthread_create exist failed with the following output:
Change Dir: /home/miranda/ChaosKitten/Citizens/src/server/CMakeFiles/CMakeTmp

Run Build Command:/usr/bin/make "cmTryCompileExec697810073/fast"
make[1]: Entering directory `/home/miranda/ChaosKitten/Citizens/src/server/CMakeFiles/CMakeTmp'
/usr/bin/make -f CMakeFiles/cmTryCompileExec697810073.dir/build.make CMakeFiles/cmTryCompileExec697810073.dir/build
make[2]: Entering directory `/home/miranda/ChaosKitten/Citizens/src/server/CMakeFiles/CMakeTmp'
/usr/local/bin/cmake -E cmake_progress_report /home/miranda/ChaosKitten/Citizens/src/server/CMakeFiles/CMakeTmp/CMakeFiles 1
Building C object CMakeFiles/cmTryCompileExec697810073.dir/CheckSymbolExists.c.o
/usr/bin/gcc    -o CMakeFiles/cmTryCompileExec697810073.dir/CheckSymbolExists.c.o   -c /home/miranda/ChaosKitten/Citizens/src/server/CMakeFiles/CMakeTmp/CheckSymbolExists.c
Linking C executable cmTryCompileExec697810073
/usr/local/bin/cmake -E cmake_link_script CMakeFiles/cmTryCompileExec697810073.dir/link.txt --verbose=1
/usr/bin/gcc         CMakeFiles/cmTryCompileExec697810073.dir/CheckSymbolExists.c.o  -o cmTryCompileExec697810073 -rdynamic 
CMakeFiles/cmTryCompileExec697810073.dir/CheckSymbolExists.c.o: In function `main':
CheckSymbolExists.c:(.text+0x16): undefined reference to `pthread_create'
collect2: ld returned 1 exit status
make[2]: Leaving directory `/home/miranda/ChaosKitten/Citizens/src/server/CMakeFiles/CMakeTmp'
make[1]: Leaving directory `/home/miranda/ChaosKitten/Citizens/src/server/CMakeFiles/CMakeTmp'
make[2]: *** [cmTryCompileExec697810073] Error 1
make[1]: *** [cmTryCompileExec697810073/fast] Error 2

File /home/miranda/ChaosKitten/Citizens/src/server/CMakeFiles/CMakeTmp/CheckSymbolExists.c:
/* */
#include <pthread.h>

int main(int argc, char** argv)
{
  (void)argv;
#ifndef pthread_create
  return ((int*)(&pthread_create))[argc];
#else
  (void)argc;
  return 0;
#endif
}

Determining if the function pthread_create exists in the pthreads failed with the following output:
Change Dir: /home/miranda/ChaosKitten/Citizens/src/server/CMakeFiles/CMakeTmp

Run Build Command:/usr/bin/make "cmTryCompileExec1269325568/fast"
make[1]: Entering directory `/home/miranda/ChaosKitten/Citizens/src/server/CMakeFiles/CMakeTmp'
/usr/bin/make -f CMakeFiles/cmTryCompileExec1269325568.dir/build.make CMakeFiles/cmTryCompileExec1269325568.dir/build
make[2]: Entering directory `/home/miranda/ChaosKitten/Citizens/src/server/CMakeFiles/CMakeTmp'
/usr/local/bin/cmake -E cmake_progress_report /home/miranda/ChaosKitten/Citizens/src/server/CMakeFiles/CMakeTmp/CMakeFiles 1
Building C object CMakeFiles/cmTryCompileExec1269325568.dir/CheckFunctionExists.c.o
/usr/bin/gcc   -DCHECK_FUNCTION_EXISTS=pthread_create   -o CMakeFiles/cmTryCompileExec1269325568.dir/CheckFunctionExists.c.o   -c /usr/local/share/cmake-2.8/Modules/CheckFunctionExists.c
Linking C executable cmTryCompileExec1269325568
/usr/local/bin/cmake -E cmake_link_script CMakeFiles/cmTryCompileExec1269325568.dir/link.txt --verbose=1
/usr/bin/gcc     -DCHECK_FUNCTION_EXISTS=pthread_create    CMakeFiles/cmTryCompileExec1269325568.dir/CheckFunctionExists.c.o  -o cmTryCompileExec1269325568 -rdynamic -lpthreads 
/usr/bin/ld: cannot find -lpthreads
collect2: ld returned 1 exit status
make[2]: Leaving directory `/home/miranda/ChaosKitten/Citizens/src/server/CMakeFiles/CMakeTmp'
make[1]: Leaving directory `/home/miranda/ChaosKitten/Citizens/src/server/CMakeFiles/CMakeTmp'
make[2]: *** [cmTryCompileExec1269325568] Error 1
make[1]: *** [cmTryCompileExec1269325568/fast] Error 2


